08:58:56:708 [ALWAYS]	GUDE Logging Started
08:58:56:709 [INFO]	SqliteResumeCache::SqliteResumeCache basedirectory is null/empty
08:58:56:709 [ERROR]	SqliteResumeCache::CreateSqliteResumeCache creating resume cache pointer failure
08:58:56:709 [ERROR]	Initialize resume cache pointer failure
08:58:56:709 [INFO]	gude policy POLICY_USER limit (2,2,1) chunk 2097152, chunking (UL 0 DL 1), resXfer 1, adapt 0, NSURL 0, timeout 86400 
08:58:56:709 [INFO]	Initialized -- gude-lib version: v0.12.1 app: gude
08:58:58:688 [WARN]	Ignoring attempt to reinit logging to \gude at level 4 retaining 3 days of logs
08:58:58:688 [INFO]	SqliteResumeCache::SqliteResumeCache basedirectory is null/empty
08:58:58:688 [ERROR]	SqliteResumeCache::CreateSqliteResumeCache creating resume cache pointer failure
08:58:58:688 [ERROR]	Initialize resume cache pointer failure
08:58:58:689 [INFO]	gude policy POLICY_USER limit (4,4,1) chunk 2097152, chunking (UL 0 DL 1), resXfer 1, adapt 0, NSURL 1, timeout 86400 
08:58:58:689 [INFO]	Initialized -- gude-lib version: v0.12.1 app: gude
10:07:20:172 [ALWAYS]	GUDE Logging Started
10:07:20:173 [INFO]	SqliteResumeCache::SqliteResumeCache basedirectory is null/empty
10:07:20:173 [ERROR]	SqliteResumeCache::CreateSqliteResumeCache creating resume cache pointer failure
10:07:20:173 [ERROR]	Initialize resume cache pointer failure
10:07:20:173 [INFO]	gude policy POLICY_USER limit (2,2,1) chunk 2097152, chunking (UL 0 DL 1), resXfer 1, adapt 0, NSURL 0, timeout 86400 
10:07:20:173 [INFO]	Initialized -- gude-lib version: v0.12.1 app: gude
10:07:26:596 [WARN]	Ignoring attempt to reinit logging to \gude at level 4 retaining 3 days of logs
10:07:26:596 [INFO]	SqliteResumeCache::SqliteResumeCache basedirectory is null/empty
10:07:26:596 [ERROR]	SqliteResumeCache::CreateSqliteResumeCache creating resume cache pointer failure
10:07:26:596 [ERROR]	Initialize resume cache pointer failure
10:07:26:596 [INFO]	gude policy POLICY_USER limit (4,4,1) chunk 2097152, chunking (UL 0 DL 1), resXfer 1, adapt 0, NSURL 1, timeout 86400 
10:07:26:596 [INFO]	Initialized -- gude-lib version: v0.12.1 app: gude
10:07:26:601 [WARN]	Request Failed. ErrorCode: 112007 errorMessage: Platform Status, Send Request Failed. WinHTTP Name Not Resolved. last error code = 12007 
